Arguments: 
  /usr/local/bin/node /home/tayler/.cache/node/corepack/yarn/1.22.19/bin/yarn.js add @types/bindings -D

PATH: 
  /home/tayler/Programming/depot_tools:/home/tayler/.local/bin:/home/tayler/.local/bin:/home/tayler/Programming/depot_tools:/home/tayler/.local/bin:/usr/local/sbin:/usr/local/bin:/usr/sbin:/usr/bin:/sbin:/bin:/usr/games:/usr/local/games:/snap/bin:/home/tayler/.dotnet/tools:/usr/share/dotnet:/home/tayler/.local/share/yabridge:/usr/share/dotnet:/home/tayler/.local/share/yabridge

Yarn version: 
  1.22.19

Node version: 
  18.9.0

Platform: 
  linux x64

Trace: 
  Error: EACCES: permission denied, unlink '/home/tayler/Programming/node-uhid/node_modules/node-addon-api/LICENSE.md'

npm manifest: 
  {
    "name": "node-uhid",
    "version": "0.0.0",
    "description": "Node.js Addons Example #1",
    "main": "test.js",
    "private": true,
    "dependencies": {
      "bindings": "~1.2.1",
      "node-addon-api": "latest"
    },
    "scripts": {
      "start": "ts-node test.ts",
      "build:dev": "cmake-js -j 16 build -D",
      "build": "cmake-js -j 16 build",
      "rebuild:dev": "cmake-js -j 16 rebuild -D",
      "rebuild": "cmake-js -j 16 rebuild",
      "clean": "cmake-js clean"
   },
    "gypfile": true
  }

yarn manifest: 
  No manifest

Lockfile: 
  # THIS IS AN AUTOGENERATED FILE. DO NOT EDIT THIS FILE DIRECTLY.
  # yarn lockfile v1
  
  
  bindings@~1.2.1:
    version "1.2.1"
    resolved "https://registry.yarnpkg.com/bindings/-/bindings-1.2.1.tgz#14ad6113812d2d37d72e67b4cacb4bb726505f11"
    integrity sha512-u4cBQNepWxYA55FunZSM7wMi55yQaN0otnhhilNoWHq0MfOfJeQx0v0mRRpolGOExPjZcl6FtB0BB8Xkb88F0g==
  
  node-addon-api@latest:
    version "7.0.0"
    resolved "https://registry.yarnpkg.com/node-addon-api/-/node-addon-api-7.0.0.tgz#8136add2f510997b3b94814f4af1cce0b0e3962e"
    integrity sha512-vgbBJTS4m5/KkE16t5Ly0WW9hz46swAstv0hYYwMtbG7AznRhNyfLRe8HZAiWIpcHzoO7HxhLuBQj9rJ/Ho0ZA==
